# JRE version: Java(TM) SE Runtime Environment (8.0_73-b02) (build 1.8.0_73-b02)
# Java VM: Java HotSpot(TM) 64-Bit Server VM (25.73-b02 mixed mode linux-amd64 compressed oops)
Heap:
 PSYoungGen      total 300032K, used 26991K [0x00000000eab00000, 0x0000000100000000, 0x0000000100000000)
  eden space 256000K, 6% used [0x00000000eab00000,0x00000000eba93b40,0x00000000fa500000)
  from space 44032K, 25% used [0x00000000fa500000,0x00000000fafc8410,0x00000000fd000000)
  to   space 44032K, 0% used [0x00000000fd500000,0x00000000fd500000,0x0000000100000000)
 ParOldGen       total 295936K, used 87087K [0x00000000c0000000, 0x00000000d2100000, 0x00000000eab00000)
  object space 295936K, 29% used [0x00000000c0000000,0x00000000c550bc70,0x00000000d2100000)
 Metaspace       used 103070K, capacity 110058K, committed 112896K, reserved 1148928K
  class space    used 12625K, capacity 13601K, committed 14336K, reserved 1048576K
GC Heap History (10 events):
Event: 4123,428 GC heap before
{Heap before GC invocations=54 (full 12):
 PSYoungGen      total 270848K, used 270682K [0x00000000eab00000, 0x00000000fff00000, 0x0000000100000000)
  eden space 253952K, 100% used [0x00000000eab00000,0x00000000fa300000,0x00000000fa300000)
  from space 16896K, 99% used [0x00000000fa300000,0x00000000fb356838,0x00000000fb380000)
  to   space 47104K, 0% used [0x00000000fd100000,0x00000000fd100000,0x00000000fff00000)
 ParOldGen       total 295936K, used 95042K [0x00000000c0000000, 0x00000000d2100000, 0x00000000eab00000)
  object space 295936K, 32% used [0x00000000c0000000,0x00000000c5cd08c8,0x00000000d2100000)
 Metaspace       used 97932K, capacity 106178K, committed 106496K, reserved 1142784K
  class space    used 12482K, capacity 13787K, committed 13824K, reserved 1048576K
Event: 4123,441 GC heap after
Heap after GC invocations=54 (full 12):
 PSYoungGen      total 302080K, used 17166K [0x00000000eab00000, 0x0000000100000000, 0x0000000100000000)
  eden space 254976K, 0% used [0x00000000eab00000,0x00000000eab00000,0x00000000fa400000)
  from space 47104K, 36% used [0x00000000fd100000,0x00000000fe1c3bc0,0x00000000fff00000)
  to   space 46080K, 0% used [0x00000000fa400000,0x00000000fa400000,0x00000000fd100000)
 ParOldGen       total 295936K, used 95050K [0x00000000c0000000, 0x00000000d2100000, 0x00000000eab00000)
  object space 295936K, 32% used [0x00000000c0000000,0x00000000c5cd28c8,0x00000000d2100000)
 Metaspace       used 97932K, capacity 106178K, committed 106496K, reserved 1142784K
  class space    used 12482K, capacity 13787K, committed 13824K, reserved 1048576K
}
Event: 4124,812 GC heap before
{Heap before GC invocations=55 (full 12):
 PSYoungGen      total 302080K, used 272142K [0x00000000eab00000, 0x0000000100000000, 0x0000000100000000)
  eden space 254976K, 100% used [0x00000000eab00000,0x00000000fa400000,0x00000000fa400000)
  from space 47104K, 36% used [0x00000000fd100000,0x00000000fe1c3bc0,0x00000000fff00000)
  to   space 46080K, 0% used [0x00000000fa400000,0x00000000fa400000,0x00000000fd100000)
 ParOldGen       total 295936K, used 95050K [0x00000000c0000000, 0x00000000d2100000, 0x00000000eab00000)
  object space 295936K, 32% used [0x00000000c0000000,0x00000000c5cd28c8,0x00000000d2100000)
 Metaspace       used 103890K, capacity 112112K, committed 112256K, reserved 1146880K
  class space    used 12927K, capacity 14208K, committed 14208K, reserved 1048576K
Event: 4124,835 GC heap after
Heap after GC invocations=55 (full 12):
 PSYoungGen      total 279552K, used 24080K [0x00000000eab00000, 0x00000000ffb00000, 0x0000000100000000)
  eden space 254976K, 0% used [0x00000000eab00000,0x00000000eab00000,0x00000000fa400000)
  from space 24576K, 97% used [0x00000000fa400000,0x00000000fbb84008,0x00000000fbc00000)
  to   space 44032K, 0% used [0x00000000fd000000,0x00000000fd000000,0x00000000ffb00000)
 ParOldGen       total 295936K, used 95066K [0x00000000c0000000, 0x00000000d2100000, 0x00000000eab00000)
  object space 295936K, 32% used [0x00000000c0000000,0x00000000c5cd68c8,0x00000000d2100000)
 Metaspace       used 103890K, capacity 112112K, committed 112256K, reserved 1146880K
  class space    used 12927K, capacity 14208K, committed 14208K, reserved 1048576K
}
Event: 4439,957 GC heap before
{Heap before GC invocations=56 (full 12):
 PSYoungGen      total 279552K, used 145650K [0x00000000eab00000, 0x00000000ffb00000, 0x0000000100000000)
  eden space 254976K, 47% used [0x00000000eab00000,0x00000000f21b8a58,0x00000000fa400000)
  from space 24576K, 97% used [0x00000000fa400000,0x00000000fbb84008,0x00000000fbc00000)
  to   space 44032K, 0% used [0x00000000fd000000,0x00000000fd000000,0x00000000ffb00000)
 ParOldGen       total 295936K, used 95066K [0x00000000c0000000, 0x00000000d2100000, 0x00000000eab00000)
  object space 295936K, 32% used [0x00000000c0000000,0x00000000c5cd68c8,0x00000000d2100000)
 Metaspace       used 104183K, capacity 112628K, committed 112896K, reserved 1148928K
  class space    used 12969K, capacity 14276K, committed 14336K, reserved 1048576K
Event: 4439,966 GC heap after
Heap after GC invocations=56 (full 12):
 PSYoungGen      total 300032K, used 12373K [0x00000000eab00000, 0x00000000ffb00000, 0x0000000100000000)
  eden space 256000K, 0% used [0x00000000eab00000,0x00000000eab00000,0x00000000fa500000)
  from space 44032K, 28% used [0x00000000fd000000,0x00000000fdc15618,0x00000000ffb00000)
  to   space 44032K, 0% used [0x00000000fa500000,0x00000000fa500000,0x00000000fd000000)
 ParOldGen       total 295936K, used 95074K [0x00000000c0000000, 0x00000000d2100000, 0x00000000eab00000)
  object space 295936K, 32% used [0x00000000c0000000,0x00000000c5cd88c8,0x00000000d2100000)
 Metaspace       used 104183K, capacity 112628K, committed 112896K, reserved 1148928K
  class space    used 12969K, capacity 14276K, committed 14336K, reserved 1048576K
}
Event: 4439,966 GC heap before
{Heap before GC invocations=57 (full 13):
 PSYoungGen      total 300032K, used 12373K [0x00000000eab00000, 0x00000000ffb00000, 0x0000000100000000)
  eden space 256000K, 0% used [0x00000000eab00000,0x00000000eab00000,0x00000000fa500000)
  from space 44032K, 28% used [0x00000000fd000000,0x00000000fdc15618,0x00000000ffb00000)
  to   space 44032K, 0% used [0x00000000fa500000,0x00000000fa500000,0x00000000fd000000)
 ParOldGen       total 295936K, used 95074K [0x00000000c0000000, 0x00000000d2100000, 0x00000000eab00000)
  object space 295936K, 32% used [0x00000000c0000000,0x00000000c5cd88c8,0x00000000d2100000)
 Metaspace       used 104183K, capacity 112628K, committed 112896K, reserved 1148928K
  class space    used 12969K, capacity 14276K, committed 14336K, reserved 1048576K
Event: 4440,247 GC heap after
Heap after GC invocations=57 (full 13):
 PSYoungGen      total 300032K, used 0K [0x00000000eab00000, 0x00000000ffb00000, 0x0000000100000000)
  eden space 256000K, 0% used [0x00000000eab00000,0x00000000eab00000,0x00000000fa500000)
  from space 44032K, 0% used [0x00000000fd000000,0x00000000fd000000,0x00000000ffb00000)
  to   space 44032K, 0% used [0x00000000fa500000,0x00000000fa500000,0x00000000fd000000)
 ParOldGen       total 295936K, used 87079K [0x00000000c0000000, 0x00000000d2100000, 0x00000000eab00000)
  object space 295936K, 29% used [0x00000000c0000000,0x00000000c5509c70,0x00000000d2100000)
 Metaspace       used 102642K, capacity 109568K, committed 112896K, reserved 1148928K
  class space    used 12615K, capacity 13590K, committed 14336K, reserved 1048576K
}
Event: 5031,500 GC heap before
{Heap before GC invocations=58 (full 13):
 PSYoungGen      total 300032K, used 256000K [0x00000000eab00000, 0x00000000ffb00000, 0x0000000100000000)
  eden space 256000K, 100% used [0x00000000eab00000,0x00000000fa500000,0x00000000fa500000)
  from space 44032K, 0% used [0x00000000fd000000,0x00000000fd000000,0x00000000ffb00000)
  to   space 44032K, 0% used [0x00000000fa500000,0x00000000fa500000,0x00000000fd000000)
 ParOldGen       total 295936K, used 87079K [0x00000000c0000000, 0x00000000d2100000, 0x00000000eab00000)
  object space 295936K, 29% used [0x00000000c0000000,0x00000000c5509c70,0x00000000d2100000)
 Metaspace       used 103067K, capacity 110058K, committed 112896K, reserved 1148928K
  class space    used 12625K, capacity 13601K, committed 14336K, reserved 1048576K
Event: 5031,516 GC heap after
Heap after GC invocations=58 (full 13):
 PSYoungGen      total 300032K, used 11041K [0x00000000eab00000, 0x0000000100000000, 0x0000000100000000)
  eden space 256000K, 0% used [0x00000000eab00000,0x00000000eab00000,0x00000000fa500000)
  from space 44032K, 25% used [0x00000000fa500000,0x00000000fafc8410,0x00000000fd000000)
  to   space 44032K, 0% used [0x00000000fd500000,0x00000000fd500000,0x0000000100000000)
 ParOldGen       total 295936K, used 87087K [0x00000000c0000000, 0x00000000d2100000, 0x00000000eab00000)
  object space 295936K, 29% used [0x00000000c0000000,0x00000000c550bc70,0x00000000d2100000)
 Metaspace       used 103067K, capacity 110058K, committed 112896K, reserved 1148928K
  class space    used 12625K, capacity 13601K, committed 14336K, reserved 1048576K
}

