# JRE version: Java(TM) SE Runtime Environment (8.0_73-b02) (build 1.8.0_73-b02)
# Java VM: Java HotSpot(TM) 64-Bit Server VM (25.73-b02 mixed mode linux-amd64 compressed oops)
Heap:
 PSYoungGen      total 279552K, used 114503K [0x00000000eab00000, 0x00000000fd100000, 0x0000000100000000)
  eden space 258048K, 44% used [0x00000000eab00000,0x00000000f1ad1ce8,0x00000000fa700000)
  from space 21504K, 0% used [0x00000000fbc00000,0x00000000fbc00000,0x00000000fd100000)
  to   space 21504K, 0% used [0x00000000fa700000,0x00000000fa700000,0x00000000fbc00000)
 ParOldGen       total 185344K, used 8491K [0x00000000c0000000, 0x00000000cb500000, 0x00000000eab00000)
  object space 185344K, 4% used [0x00000000c0000000,0x00000000c084af00,0x00000000cb500000)
 Metaspace       used 27193K, capacity 27724K, committed 28032K, reserved 1073152K
  class space    used 3696K, capacity 3881K, committed 3968K, reserved 1048576K
GC Heap History (6 events):
Event: 1,431 GC heap before
{Heap before GC invocations=1 (full 0):
 PSYoungGen      total 150528K, used 129024K [0x00000000eab00000, 0x00000000f5300000, 0x0000000100000000)
  eden space 129024K, 100% used [0x00000000eab00000,0x00000000f2900000,0x00000000f2900000)
  from space 21504K, 0% used [0x00000000f3e00000,0x00000000f3e00000,0x00000000f5300000)
  to   space 21504K, 0% used [0x00000000f2900000,0x00000000f2900000,0x00000000f3e00000)
 ParOldGen       total 344064K, used 0K [0x00000000c0000000, 0x00000000d5000000, 0x00000000eab00000)
  object space 344064K, 0% used [0x00000000c0000000,0x00000000c0000000,0x00000000d5000000)
 Metaspace       used 19090K, capacity 19432K, committed 19584K, reserved 1067008K
  class space    used 2589K, capacity 2681K, committed 2688K, reserved 1048576K
Event: 1,446 GC heap after
Heap after GC invocations=1 (full 0):
 PSYoungGen      total 150528K, used 16335K [0x00000000eab00000, 0x00000000fd100000, 0x0000000100000000)
  eden space 129024K, 0% used [0x00000000eab00000,0x00000000eab00000,0x00000000f2900000)
  from space 21504K, 75% used [0x00000000f2900000,0x00000000f38f3d68,0x00000000f3e00000)
  to   space 21504K, 0% used [0x00000000fbc00000,0x00000000fbc00000,0x00000000fd100000)
 ParOldGen       total 344064K, used 16K [0x00000000c0000000, 0x00000000d5000000, 0x00000000eab00000)
  object space 344064K, 0% used [0x00000000c0000000,0x00000000c0004000,0x00000000d5000000)
 Metaspace       used 19090K, capacity 19432K, committed 19584K, reserved 1067008K
  class space    used 2589K, capacity 2681K, committed 2688K, reserved 1048576K
}
Event: 1,658 GC heap before
{Heap before GC invocations=2 (full 0):
 PSYoungGen      total 150528K, used 33923K [0x00000000eab00000, 0x00000000fd100000, 0x0000000100000000)
  eden space 129024K, 13% used [0x00000000eab00000,0x00000000ebc2d228,0x00000000f2900000)
  from space 21504K, 75% used [0x00000000f2900000,0x00000000f38f3d68,0x00000000f3e00000)
  to   space 21504K, 0% used [0x00000000fbc00000,0x00000000fbc00000,0x00000000fd100000)
 ParOldGen       total 344064K, used 16K [0x00000000c0000000, 0x00000000d5000000, 0x00000000eab00000)
  object space 344064K, 0% used [0x00000000c0000000,0x00000000c0004000,0x00000000d5000000)
 Metaspace       used 20779K, capacity 21140K, committed 21296K, reserved 1067008K
  class space    used 2813K, capacity 2927K, committed 2944K, reserved 1048576K
Event: 1,672 GC heap after
Heap after GC invocations=2 (full 0):
 PSYoungGen      total 279552K, used 8660K [0x00000000eab00000, 0x00000000fd100000, 0x0000000100000000)
  eden space 258048K, 0% used [0x00000000eab00000,0x00000000eab00000,0x00000000fa700000)
  from space 21504K, 40% used [0x00000000fbc00000,0x00000000fc4750f8,0x00000000fd100000)
  to   space 21504K, 0% used [0x00000000fa700000,0x00000000fa700000,0x00000000fbc00000)
 ParOldGen       total 344064K, used 24K [0x00000000c0000000, 0x00000000d5000000, 0x00000000eab00000)
  object space 344064K, 0% used [0x00000000c0000000,0x00000000c0006000,0x00000000d5000000)
 Metaspace       used 20779K, capacity 21140K, committed 21296K, reserved 1067008K
  class space    used 2813K, capacity 2927K, committed 2944K, reserved 1048576K
}
Event: 1,672 GC heap before
{Heap before GC invocations=3 (full 1):
 PSYoungGen      total 279552K, used 8660K [0x00000000eab00000, 0x00000000fd100000, 0x0000000100000000)
  eden space 258048K, 0% used [0x00000000eab00000,0x00000000eab00000,0x00000000fa700000)
  from space 21504K, 40% used [0x00000000fbc00000,0x00000000fc4750f8,0x00000000fd100000)
  to   space 21504K, 0% used [0x00000000fa700000,0x00000000fa700000,0x00000000fbc00000)
 ParOldGen       total 344064K, used 24K [0x00000000c0000000, 0x00000000d5000000, 0x00000000eab00000)
  object space 344064K, 0% used [0x00000000c0000000,0x00000000c0006000,0x00000000d5000000)
 Metaspace       used 20779K, capacity 21140K, committed 21296K, reserved 1067008K
  class space    used 2813K, capacity 2927K, committed 2944K, reserved 1048576K
Event: 1,707 GC heap after
Heap after GC invocations=3 (full 1):
 PSYoungGen      total 279552K, used 0K [0x00000000eab00000, 0x00000000fd100000, 0x0000000100000000)
  eden space 258048K, 0% used [0x00000000eab00000,0x00000000eab00000,0x00000000fa700000)
  from space 21504K, 0% used [0x00000000fbc00000,0x00000000fbc00000,0x00000000fd100000)
  to   space 21504K, 0% used [0x00000000fa700000,0x00000000fa700000,0x00000000fbc00000)
 ParOldGen       total 185344K, used 8491K [0x00000000c0000000, 0x00000000cb500000, 0x00000000eab00000)
  object space 185344K, 4% used [0x00000000c0000000,0x00000000c084af00,0x00000000cb500000)
 Metaspace       used 20779K, capacity 21140K, committed 21296K, reserved 1067008K
  class space    used 2813K, capacity 2927K, committed 2944K, reserved 1048576K
}

